<!DOCTYPE html PUBLIC "-//W3C//DTD XHTML 1.1//EN" "https://www.w3.org/TR/xhtml11/DTD/xhtml11.dtd">
<html xmlns="https://www.w3.org/1999/xhtml">
<head>
<meta http-equiv="content-type" content="text/html; charset=UTF-8"/>
<title>TestNG Report</title>
<style type="text/css">table {margin-bottom:10px;border-collapse:collapse;empty-cells:show}th,td {border:1px solid #009;padding:.25em .5em}th {vertical-align:bottom}td {vertical-align:top}table a {font-weight:bold}.stripe td {background-color: #E6EBF9}.num {text-align:right}.passedodd td {background-color: #3F3}.passedeven td {background-color: #0A0}.skippedodd td {background-color: #DDD}.skippedeven td {background-color: #CCC}.failedodd td,.attn {background-color: #F33}.failedeven td,.stripe .attn {background-color: #D00}.stacktrace {white-space:pre;font-family:monospace}.totop {font-size:85%;text-align:center;border-bottom:2px solid #000}.invisible {display:none}</style>
</head>
<body>
<table>
<tr><th>Test</th><th># Passed</th><th># Skipped</th><th># Retried</th><th># Failed</th><th>Time (ms)</th><th>Included Groups</th><th>Excluded Groups</th></tr>
<tr><th colspan="8">MyTestSuite</th></tr>
<tr><td><a href="#t0">Whatsapp</a></td><td class="num">0</td><td class="num">0</td><td class="num">0</td><td class="num attn">20</td><td class="num">77,859</td><td></td><td></td></tr>
<tr class="stripe"><td><a href="#t1">createonfly</a></td><td class="num">10</td><td class="num">0</td><td class="num">0</td><td class="num attn">10</td><td class="num">374,347</td><td></td><td></td></tr>
<tr><td><a href="#t2">createonfly1.copy</a></td><td class="num">2</td><td class="num">0</td><td class="num">0</td><td class="num">0</td><td class="num">291,207</td><td></td><td></td></tr>
<tr><th>Total</th><th class="num">12</th><th class="num">0</th><th class="num">0</th><th class="num attn">30</th><th class="num">743,413</th><th colspan="2"></th></tr>
</table>
<table id='summary'><thead><tr><th>Class</th><th>Method</th><th>Start</th><th>Time (ms)</th></tr></thead><tbody><tr><th colspan="4">MyTestSuite</th></tr></tbody><tbody id="t0"><tr><th colspan="4">Whatsapp &#8212; failed</th></tr><tr class="failedeven"><td rowspan="11">Whatsapp.Buttons</td><td><a href="#m0">waddwebsiteurl</a></td><td rowspan="1">1742560181944</td><td rowspan="1">5871</td></tr><tr class="failedeven"><td><a href="#m1">waddwebsiteurlbuttontext</a></td><td rowspan="1">1742560188073</td><td rowspan="1">3759</td></tr><tr class="failedeven"><td><a href="#m2">waddwebsiteurlbuttontextcontent</a></td><td rowspan="1">1742560191994</td><td rowspan="1">2329</td></tr><tr class="failedeven"><td><a href="#m3">wphonenumber</a></td><td rowspan="1">1742560194476</td><td rowspan="1">2282</td></tr><tr class="failedeven"><td><a href="#m4">wphonenumberbuttontext</a></td><td rowspan="1">1742560197043</td><td rowspan="1">2378</td></tr><tr class="failedeven"><td><a href="#m5">wphonenumberbuttontextcontent</a></td><td rowspan="1">1742560199584</td><td rowspan="1">2249</td></tr><tr class="failedeven"><td><a href="#m6">wquickurl</a></td><td rowspan="1">1742560202008</td><td rowspan="1">2258</td></tr><tr class="failedeven"><td><a href="#m7">wquickurlbuttontextcontent</a></td><td rowspan="1">1742560204433</td><td rowspan="1">2236</td></tr><tr class="failedeven"><td><a href="#m8">wtestbuttonsclickpn</a></td><td rowspan="1">1742560209339</td><td rowspan="1">2241</td></tr><tr class="failedeven"><td><a href="#m9">wtestbuttonsclickqr</a></td><td rowspan="1">1742560211709</td><td rowspan="1">2333</td></tr><tr class="failedeven"><td><a href="#m10">wtestbuttonsclickwu</a></td><td rowspan="1">1742560206865</td><td rowspan="1">2295</td></tr><tr class="failedodd"><td rowspan="3">Whatsapp.body</td><td><a href="#m11">waddvariable</a></td><td rowspan="1">1742560167089</td><td rowspan="1">5238</td></tr><tr class="failedodd"><td><a href="#m12">wselectdatapoint</a></td><td rowspan="1">1742560172592</td><td rowspan="1">2224</td></tr><tr class="failedodd"><td><a href="#m13">wselectdatapointandfallbackvalue</a></td><td rowspan="1">1742560174963</td><td rowspan="1">2215</td></tr><tr class="failedeven"><td rowspan="6">Whatsapp.header</td><td><a href="#m14">wHeaderTextandAddVariable</a></td><td rowspan="1">1742560152982</td><td rowspan="1">3293</td></tr><tr class="failedeven"><td><a href="#m15">wHeaderTextandAddVariablewithselectdapoint</a></td><td rowspan="1">1742560156403</td><td rowspan="1">3300</td></tr><tr class="failedeven"><td><a href="#m16">wHeaderTextandAddVariablewithselectdapointandfallbackvalue</a></td><td rowspan="1">1742560159851</td><td rowspan="1">3272</td></tr><tr class="failedeven"><td><a href="#m17">wheaderisselectedasnone</a></td><td rowspan="1">1742560140825</td><td rowspan="1">5425</td></tr><tr class="failedeven"><td><a href="#m18">wtestWithFallbackValue</a></td><td rowspan="1">1742560149535</td><td rowspan="1">3309</td></tr><tr class="failedeven"><td><a href="#m19">wtextWithoutenteringanytext</a></td><td rowspan="1">1742560146574</td><td rowspan="1">2795</td></tr></tbody>
<tbody id="t1"><tr><th colspan="4">createonfly &#8212; failed</th></tr><tr class="failedeven"><td rowspan="4">createonfly.Buttons</td><td><a href="#m20">quickurlbuttontextcontent</a></td><td rowspan="1">1742560559537</td><td rowspan="1">25355</td></tr><tr class="failedeven"><td><a href="#m21">testbuttonsclickpn</a></td><td rowspan="1">1742560586250</td><td rowspan="1">1058</td></tr><tr class="failedeven"><td><a href="#m22">testbuttonsclickqr</a></td><td rowspan="1">1742560587448</td><td rowspan="1">1099</td></tr><tr class="failedeven"><td><a href="#m23">testbuttonsclickwu</a></td><td rowspan="1">1742560585018</td><td rowspan="1">1088</td></tr><tr class="failedodd"><td rowspan="1">createonfly.body</td><td><a href="#m24">addvariable</a></td><td rowspan="1">1742560278761</td><td rowspan="1">26330</td></tr><tr class="failedeven"><td rowspan="5">createonfly.header</td><td><a href="#m25">HeaderTextandAddVariable</a></td><td rowspan="1">1742560269259</td><td rowspan="1">1104</td></tr><tr class="failedeven"><td><a href="#m26">HeaderTextandAddVariablewithselectdapoint</a></td><td rowspan="1">1742560270454</td><td rowspan="1">1114</td></tr><tr class="failedeven"><td><a href="#m27">HeaderTextandAddVariablewithselectdapointandfallbackvalue</a></td><td rowspan="1">1742560271705</td><td rowspan="1">1070</td></tr><tr class="failedeven"><td><a href="#m28">testWithFallbackValue</a></td><td rowspan="1">1742560268005</td><td rowspan="1">1148</td></tr><tr class="failedeven"><td><a href="#m29">textWithoutenteringanytext</a></td><td rowspan="1">1742560255627</td><td rowspan="1">12082</td></tr><tr><th colspan="4">createonfly &#8212; passed</th></tr><tr class="passedeven"><td rowspan="7">createonfly.Buttons</td><td><a href="#m30">addwebsiteurl</a></td><td rowspan="1">1742560395463</td><td rowspan="1">20416</td></tr><tr class="passedeven"><td><a href="#m31">addwebsiteurlbuttontext</a></td><td rowspan="1">1742560415879</td><td rowspan="1">17817</td></tr><tr class="passedeven"><td><a href="#m32">addwebsiteurlbuttontextcontent</a></td><td rowspan="1">1742560433697</td><td rowspan="1">37056</td></tr><tr class="passedeven"><td><a href="#m33">phonenumber</a></td><td rowspan="1">1742560470753</td><td rowspan="1">17910</td></tr><tr class="passedeven"><td><a href="#m34">phonenumberbuttontext</a></td><td rowspan="1">1742560488666</td><td rowspan="1">18125</td></tr><tr class="passedeven"><td><a href="#m35">phonenumberbuttontextcontent</a></td><td rowspan="1">1742560506792</td><td rowspan="1">34804</td></tr><tr class="passedeven"><td><a href="#m36">quickurl</a></td><td rowspan="1">1742560541596</td><td rowspan="1">17938</td></tr><tr class="passedodd"><td rowspan="2">createonfly.body</td><td><a href="#m37">selectdatapoint</a></td><td rowspan="1">1742560305264</td><td rowspan="1">47665</td></tr><tr class="passedodd"><td><a href="#m38">selectdatapointandfallbackvalue</a></td><td rowspan="1">1742560352931</td><td rowspan="1">38518</td></tr><tr class="passedeven"><td rowspan="1">createonfly.header</td><td><a href="#m39">headerisselectedasnone</a></td><td rowspan="1">1742560218339</td><td rowspan="1">37288</td></tr></tbody>
<tbody id="t2"><tr><th colspan="4">createonfly1.copy &#8212; passed</th></tr><tr class="passedeven"><td rowspan="2">createonfly1.copy.Useexistingclienttags</td><td><a href="#m40">Useexistingclienttags1</a></td><td rowspan="1">1742560592911</td><td rowspan="1">100829</td></tr><tr class="passedeven"><td><a href="#m41">Useexistingclienttags3</a></td><td rowspan="1">1742560693743</td><td rowspan="1">186176</td></tr></tbody>
</table>
<h2>Whatsapp</h2><h3 id="m0">Whatsapp.Buttons#waddwebsiteurl</h3><table class="result"><tr><th>Exception</th></tr><tr><td><div class="stacktrace">java.lang.NullPointerException: Cannot invoke &quot;org.openqa.selenium.WebDriver.manage()&quot; because &quot;Whatsapp.newcampaign.driver&quot; is null
	at Whatsapp.newcampaign.Useexistingclienttags(newcampaign.java:112)
	at Whatsapp.Buttons.waddwebsiteurl(Buttons.java:42)
	at java.base/java.util.ArrayList.forEach(ArrayList.java:1511)
... Removed 27 stack frames</div></td></tr></table><p class="totop"><a href="#summary">back to summary</a></p>
<h3 id="m1">Whatsapp.Buttons#waddwebsiteurlbuttontext</h3><table class="result"><tr><th>Exception</th></tr><tr><td><div class="stacktrace">java.lang.NullPointerException: Cannot invoke &quot;org.openqa.selenium.WebDriver.manage()&quot; because &quot;Whatsapp.newcampaign.driver&quot; is null
	at Whatsapp.newcampaign.Useexistingclienttags(newcampaign.java:112)
	at Whatsapp.Buttons.waddwebsiteurlbuttontext(Buttons.java:54)
	at java.base/java.util.ArrayList.forEach(ArrayList.java:1511)
... Removed 27 stack frames</div></td></tr></table><p class="totop"><a href="#summary">back to summary</a></p>
<h3 id="m2">Whatsapp.Buttons#waddwebsiteurlbuttontextcontent</h3><table class="result"><tr><th>Exception</th></tr><tr><td><div class="stacktrace">java.lang.NullPointerException: Cannot invoke &quot;org.openqa.selenium.WebDriver.manage()&quot; because &quot;Whatsapp.newcampaign.driver&quot; is null
	at Whatsapp.newcampaign.Useexistingclienttags(newcampaign.java:112)
	at Whatsapp.Buttons.waddwebsiteurlbuttontextcontent(Buttons.java:68)
	at java.base/java.util.ArrayList.forEach(ArrayList.java:1511)
... Removed 27 stack frames</div></td></tr></table><p class="totop"><a href="#summary">back to summary</a></p>
<h3 id="m3">Whatsapp.Buttons#wphonenumber</h3><table class="result"><tr><th>Exception</th></tr><tr><td><div class="stacktrace">java.lang.NullPointerException: Cannot invoke &quot;org.openqa.selenium.WebDriver.manage()&quot; because &quot;Whatsapp.newcampaign.driver&quot; is null
	at Whatsapp.newcampaign.Useexistingclienttags(newcampaign.java:112)
	at Whatsapp.Buttons.wphonenumber(Buttons.java:85)
	at java.base/java.util.ArrayList.forEach(ArrayList.java:1511)
... Removed 27 stack frames</div></td></tr></table><p class="totop"><a href="#summary">back to summary</a></p>
<h3 id="m4">Whatsapp.Buttons#wphonenumberbuttontext</h3><table class="result"><tr><th>Exception</th></tr><tr><td><div class="stacktrace">java.lang.NullPointerException: Cannot invoke &quot;org.openqa.selenium.WebDriver.manage()&quot; because &quot;Whatsapp.newcampaign.driver&quot; is null
	at Whatsapp.newcampaign.Useexistingclienttags(newcampaign.java:112)
	at Whatsapp.Buttons.wphonenumberbuttontext(Buttons.java:97)
	at java.base/java.util.ArrayList.forEach(ArrayList.java:1511)
... Removed 27 stack frames</div></td></tr></table><p class="totop"><a href="#summary">back to summary</a></p>
<h3 id="m5">Whatsapp.Buttons#wphonenumberbuttontextcontent</h3><table class="result"><tr><th>Exception</th></tr><tr><td><div class="stacktrace">java.lang.NullPointerException: Cannot invoke &quot;org.openqa.selenium.WebDriver.manage()&quot; because &quot;Whatsapp.newcampaign.driver&quot; is null
	at Whatsapp.newcampaign.Useexistingclienttags(newcampaign.java:112)
	at Whatsapp.Buttons.wphonenumberbuttontextcontent(Buttons.java:111)
	at java.base/java.util.ArrayList.forEach(ArrayList.java:1511)
... Removed 27 stack frames</div></td></tr></table><p class="totop"><a href="#summary">back to summary</a></p>
<h3 id="m6">Whatsapp.Buttons#wquickurl</h3><table class="result"><tr><th>Exception</th></tr><tr><td><div class="stacktrace">java.lang.NullPointerException: Cannot invoke &quot;org.openqa.selenium.WebDriver.manage()&quot; because &quot;Whatsapp.newcampaign.driver&quot; is null
	at Whatsapp.newcampaign.Useexistingclienttags(newcampaign.java:112)
	at Whatsapp.Buttons.wquickurl(Buttons.java:127)
	at java.base/java.util.ArrayList.forEach(ArrayList.java:1511)
... Removed 27 stack frames</div></td></tr></table><p class="totop"><a href="#summary">back to summary</a></p>
<h3 id="m7">Whatsapp.Buttons#wquickurlbuttontextcontent</h3><table class="result"><tr><th>Exception</th></tr><tr><td><div class="stacktrace">java.lang.NullPointerException: Cannot invoke &quot;org.openqa.selenium.WebDriver.manage()&quot; because &quot;Whatsapp.newcampaign.driver&quot; is null
	at Whatsapp.newcampaign.Useexistingclienttags(newcampaign.java:112)
	at Whatsapp.Buttons.wquickurlbuttontextcontent(Buttons.java:139)
	at java.base/java.util.ArrayList.forEach(ArrayList.java:1511)
... Removed 27 stack frames</div></td></tr></table><p class="totop"><a href="#summary">back to summary</a></p>
<h3 id="m8">Whatsapp.Buttons#wtestbuttonsclickpn</h3><table class="result"><tr><th>Exception</th></tr><tr><td><div class="stacktrace">java.lang.NullPointerException: Cannot invoke &quot;org.openqa.selenium.WebDriver.manage()&quot; because &quot;Whatsapp.newcampaign.driver&quot; is null
	at Whatsapp.newcampaign.Useexistingclienttags(newcampaign.java:112)
	at Whatsapp.Buttons.wtestbuttonsclickpn(Buttons.java:171)
	at java.base/java.util.ArrayList.forEach(ArrayList.java:1511)
... Removed 27 stack frames</div></td></tr></table><p class="totop"><a href="#summary">back to summary</a></p>
<h3 id="m9">Whatsapp.Buttons#wtestbuttonsclickqr</h3><table class="result"><tr><th>Exception</th></tr><tr><td><div class="stacktrace">java.lang.NullPointerException: Cannot invoke &quot;org.openqa.selenium.WebDriver.manage()&quot; because &quot;Whatsapp.newcampaign.driver&quot; is null
	at Whatsapp.newcampaign.Useexistingclienttags(newcampaign.java:112)
	at Whatsapp.Buttons.wtestbuttonsclickqr(Buttons.java:185)
	at java.base/java.util.ArrayList.forEach(ArrayList.java:1511)
... Removed 27 stack frames</div></td></tr></table><p class="totop"><a href="#summary">back to summary</a></p>
<h3 id="m10">Whatsapp.Buttons#wtestbuttonsclickwu</h3><table class="result"><tr><th>Exception</th></tr><tr><td><div class="stacktrace">java.lang.NullPointerException: Cannot invoke &quot;org.openqa.selenium.WebDriver.manage()&quot; because &quot;Whatsapp.newcampaign.driver&quot; is null
	at Whatsapp.newcampaign.Useexistingclienttags(newcampaign.java:112)
	at Whatsapp.Buttons.wtestbuttonsclickwu(Buttons.java:153)
	at java.base/java.util.ArrayList.forEach(ArrayList.java:1511)
... Removed 27 stack frames</div></td></tr></table><p class="totop"><a href="#summary">back to summary</a></p>
<h3 id="m11">Whatsapp.body#waddvariable</h3><table class="result"><tr><th>Exception</th></tr><tr><td><div class="stacktrace">java.lang.NullPointerException: Cannot invoke &quot;org.openqa.selenium.WebDriver.manage()&quot; because &quot;Whatsapp.newcampaign.driver&quot; is null
	at Whatsapp.newcampaign.Useexistingclienttags(newcampaign.java:112)
	at Whatsapp.body.waddvariable(body.java:30)
	at java.base/java.util.ArrayList.forEach(ArrayList.java:1511)
... Removed 27 stack frames</div></td></tr></table><p class="totop"><a href="#summary">back to summary</a></p>
<h3 id="m12">Whatsapp.body#wselectdatapoint</h3><table class="result"><tr><th>Exception</th></tr><tr><td><div class="stacktrace">java.lang.NullPointerException: Cannot invoke &quot;org.openqa.selenium.WebDriver.manage()&quot; because &quot;Whatsapp.newcampaign.driver&quot; is null
	at Whatsapp.newcampaign.Useexistingclienttags(newcampaign.java:112)
	at Whatsapp.body.wselectdatapoint(body.java:40)
	at java.base/java.util.ArrayList.forEach(ArrayList.java:1511)
... Removed 27 stack frames</div></td></tr></table><p class="totop"><a href="#summary">back to summary</a></p>
<h3 id="m13">Whatsapp.body#wselectdatapointandfallbackvalue</h3><table class="result"><tr><th>Exception</th></tr><tr><td><div class="stacktrace">java.lang.NullPointerException: Cannot invoke &quot;org.openqa.selenium.WebDriver.manage()&quot; because &quot;Whatsapp.newcampaign.driver&quot; is null
	at Whatsapp.newcampaign.Useexistingclienttags(newcampaign.java:112)
	at Whatsapp.body.wselectdatapointandfallbackvalue(body.java:54)
	at java.base/java.util.ArrayList.forEach(ArrayList.java:1511)
... Removed 27 stack frames</div></td></tr></table><p class="totop"><a href="#summary">back to summary</a></p>
<h3 id="m14">Whatsapp.header#wHeaderTextandAddVariable</h3><table class="result"><tr><th>Exception</th></tr><tr><td><div class="stacktrace">java.lang.NullPointerException: Cannot invoke &quot;org.openqa.selenium.WebDriver.manage()&quot; because &quot;Whatsapp.newcampaign.driver&quot; is null
	at Whatsapp.newcampaign.Useexistingclienttags(newcampaign.java:112)
	at Whatsapp.header.wHeaderTextandAddVariable(header.java:87)
	at java.base/java.util.ArrayList.forEach(ArrayList.java:1511)
... Removed 27 stack frames</div></td></tr></table><p class="totop"><a href="#summary">back to summary</a></p>
<h3 id="m15">Whatsapp.header#wHeaderTextandAddVariablewithselectdapoint</h3><table class="result"><tr><th>Exception</th></tr><tr><td><div class="stacktrace">java.lang.NullPointerException: Cannot invoke &quot;org.openqa.selenium.WebDriver.manage()&quot; because &quot;Whatsapp.newcampaign.driver&quot; is null
	at Whatsapp.newcampaign.Useexistingclienttags(newcampaign.java:112)
	at Whatsapp.header.wHeaderTextandAddVariablewithselectdapoint(header.java:103)
	at java.base/java.util.ArrayList.forEach(ArrayList.java:1511)
... Removed 27 stack frames</div></td></tr></table><p class="totop"><a href="#summary">back to summary</a></p>
<h3 id="m16">Whatsapp.header#wHeaderTextandAddVariablewithselectdapointandfallbackvalue</h3><table class="result"><tr><th>Exception</th></tr><tr><td><div class="stacktrace">java.lang.NullPointerException: Cannot invoke &quot;org.openqa.selenium.WebDriver.manage()&quot; because &quot;Whatsapp.newcampaign.driver&quot; is null
	at Whatsapp.newcampaign.Useexistingclienttags(newcampaign.java:112)
	at Whatsapp.header.wHeaderTextandAddVariablewithselectdapointandfallbackvalue(header.java:124)
	at java.base/java.util.ArrayList.forEach(ArrayList.java:1511)
... Removed 27 stack frames</div></td></tr></table><p class="totop"><a href="#summary">back to summary</a></p>
<h3 id="m17">Whatsapp.header#wheaderisselectedasnone</h3><table class="result"><tr><th>Exception</th></tr><tr><td><div class="stacktrace">java.lang.NullPointerException: Cannot invoke &quot;org.openqa.selenium.WebDriver.manage()&quot; because &quot;Whatsapp.newcampaign.driver&quot; is null
	at Whatsapp.newcampaign.Useexistingclienttags(newcampaign.java:112)
	at Whatsapp.header.wheaderisselectedasnone(header.java:39)
	at java.base/java.util.ArrayList.forEach(ArrayList.java:1511)
... Removed 27 stack frames</div></td></tr></table><p class="totop"><a href="#summary">back to summary</a></p>
<h3 id="m18">Whatsapp.header#wtestWithFallbackValue</h3><table class="result"><tr><th>Exception</th></tr><tr><td><div class="stacktrace">java.lang.NullPointerException: Cannot invoke &quot;org.openqa.selenium.WebDriver.manage()&quot; because &quot;Whatsapp.newcampaign.driver&quot; is null
	at Whatsapp.newcampaign.Useexistingclienttags(newcampaign.java:112)
	at Whatsapp.header.wtestWithFallbackValue(header.java:72)
	at java.base/java.util.ArrayList.forEach(ArrayList.java:1511)
... Removed 27 stack frames</div></td></tr></table><p class="totop"><a href="#summary">back to summary</a></p>
<h3 id="m19">Whatsapp.header#wtextWithoutenteringanytext</h3><table class="result"><tr><th>Exception</th></tr><tr><td><div class="stacktrace">java.lang.NullPointerException: Cannot invoke &quot;org.openqa.selenium.WebDriver.manage()&quot; because &quot;Whatsapp.newcampaign.driver&quot; is null
	at Whatsapp.newcampaign.Useexistingclienttags(newcampaign.java:112)
	at Whatsapp.header.wtextWithoutenteringanytext(header.java:50)
	at java.base/java.util.ArrayList.forEach(ArrayList.java:1511)
... Removed 27 stack frames</div></td></tr></table><p class="totop"><a href="#summary">back to summary</a></p>
<h2>createonfly</h2><h3 id="m20">createonfly.Buttons#quickurlbuttontextcontent</h3><table class="result"><tr><th>Exception</th></tr><tr><td><div class="stacktrace">org.openqa.selenium.NoSuchElementException: no such element: Unable to locate element: {&quot;method&quot;:&quot;xpath&quot;,&quot;selector&quot;:&quot;(//span[@class=&quot;mat-option-text&quot;])[2]&quot;}
  (Session info: chrome=134.0.6998.118)
For documentation on this error, please visit: https://www.selenium.dev/documentation/webdriver/troubleshooting/errors#no-such-element-exception
Build info: version: &apos;4.21.0&apos;, revision: &apos;79ed462ef4&apos;
System info: os.name: &apos;Windows 11&apos;, os.arch: &apos;amd64&apos;, os.version: &apos;10.0&apos;, java.version: &apos;17.0.12&apos;
Driver info: org.openqa.selenium.chrome.ChromeDriver
Command: [5384df0a9a3309d49035a2a1660ec33b, findElement {using=xpath, value=(//span[@class=&quot;mat-option-text&quot;])[2]}]
Capabilities {acceptInsecureCerts: false, browserName: chrome, browserVersion: 134.0.6998.118, chrome: {chromedriverVersion: 134.0.6998.90 (219ee74681fc..., userDataDir: C:\Users\HP\AppData\Local\T...}, fedcm:accounts: true, goog:chromeOptions: {debuggerAddress: localhost:61143}, networkConnectionEnabled: false, pageLoadStrategy: normal, platformName: windows, proxy: Proxy(), se:cdp: ws://localhost:61143/devtoo..., se:cdpVersion: 134.0.6998.118, setWindowRect: true, strictFileInteractability: false, timeouts: {implicit: 0, pageLoad: 300000, script: 30000}, unhandledPromptBehavior: dismiss and notify, webauthn:extension:credBlob: true, webauthn:extension:largeBlob: true, webauthn:extension:minPinLength: true, webauthn:extension:prf: true, webauthn:virtualAuthenticators: true}
Session ID: 5384df0a9a3309d49035a2a1660ec33b
	at org.openqa.selenium.remote.ErrorCodec.decode(ErrorCodec.java:167)
	at org.openqa.selenium.remote.codec.w3c.W3CHttpResponseCodec.decode(W3CHttpResponseCodec.java:138)
	at org.openqa.selenium.remote.codec.w3c.W3CHttpResponseCodec.decode(W3CHttpResponseCodec.java:50)
	at org.openqa.selenium.remote.HttpCommandExecutor.execute(HttpCommandExecutor.java:190)
	at org.openqa.selenium.remote.service.DriverCommandExecutor.invokeExecute(DriverCommandExecutor.java:216)
	at org.openqa.selenium.remote.service.DriverCommandExecutor.execute(DriverCommandExecutor.java:174)
	at org.openqa.selenium.remote.RemoteWebDriver.execute(RemoteWebDriver.java:518)
	at org.openqa.selenium.remote.ElementLocation$ElementFinder$2.findElement(ElementLocation.java:165)
	at org.openqa.selenium.remote.ElementLocation.findElement(ElementLocation.java:59)
	at org.openqa.selenium.remote.RemoteWebDriver.findElement(RemoteWebDriver.java:355)
	at org.openqa.selenium.remote.RemoteWebDriver.findElement(RemoteWebDriver.java:349)
	at createonfly.newcampaign.Useexistingclienttags(newcampaign.java:131)
	at createonfly.Buttons.quickurlbuttontextcontent(Buttons.java:132)
	at java.base/java.util.ArrayList.forEach(ArrayList.java:1511)
... Removed 32 stack frames</div></td></tr></table><p class="totop"><a href="#summary">back to summary</a></p>
<h3 id="m21">createonfly.Buttons#testbuttonsclickpn</h3><table class="result"><tr><th>Exception</th></tr><tr><td><div class="stacktrace">org.openqa.selenium.ElementClickInterceptedException: element click intercepted: Element &lt;span _ngcontent-sej-c543=&quot;&quot; mat-line=&quot;&quot; class=&quot;mat-line title ng-tns-c543-4 ng-star-inserted&quot; style=&quot;&quot;&gt;...&lt;/span&gt; is not clickable at point (108, 496). Other element would receive the click: &lt;div _ngcontent-sej-c999=&quot;&quot; class=&quot;col-md-2 pt-100 br h-100vh&quot;&gt;...&lt;/div&gt;
  (Session info: chrome=134.0.6998.118)
Build info: version: &apos;4.21.0&apos;, revision: &apos;79ed462ef4&apos;
System info: os.name: &apos;Windows 11&apos;, os.arch: &apos;amd64&apos;, os.version: &apos;10.0&apos;, java.version: &apos;17.0.12&apos;
Driver info: org.openqa.selenium.chrome.ChromeDriver
Command: [5384df0a9a3309d49035a2a1660ec33b, clickElement {id=f.EF4181177D03833374AC718255BB78EA.d.9D449E2F5BE7A5C3F87484DA89078D8F.e.63}]
Capabilities {acceptInsecureCerts: false, browserName: chrome, browserVersion: 134.0.6998.118, chrome: {chromedriverVersion: 134.0.6998.90 (219ee74681fc..., userDataDir: C:\Users\HP\AppData\Local\T...}, fedcm:accounts: true, goog:chromeOptions: {debuggerAddress: localhost:61143}, networkConnectionEnabled: false, pageLoadStrategy: normal, platformName: windows, proxy: Proxy(), se:cdp: ws://localhost:61143/devtoo..., se:cdpVersion: 134.0.6998.118, setWindowRect: true, strictFileInteractability: false, timeouts: {implicit: 0, pageLoad: 300000, script: 30000}, unhandledPromptBehavior: dismiss and notify, webauthn:extension:credBlob: true, webauthn:extension:largeBlob: true, webauthn:extension:minPinLength: true, webauthn:extension:prf: true, webauthn:virtualAuthenticators: true}
Element: [[ChromeDriver: chrome on windows (5384df0a9a3309d49035a2a1660ec33b)] -&gt; xpath: (//span[contains(.,&quot;WhatsApp&quot;)])[3]]
Session ID: 5384df0a9a3309d49035a2a1660ec33b
	at org.openqa.selenium.remote.ErrorCodec.decode(ErrorCodec.java:167)
	at org.openqa.selenium.remote.codec.w3c.W3CHttpResponseCodec.decode(W3CHttpResponseCodec.java:138)
	at org.openqa.selenium.remote.codec.w3c.W3CHttpResponseCodec.decode(W3CHttpResponseCodec.java:50)
	at org.openqa.selenium.remote.HttpCommandExecutor.execute(HttpCommandExecutor.java:190)
	at org.openqa.selenium.remote.service.DriverCommandExecutor.invokeExecute(DriverCommandExecutor.java:216)
	at org.openqa.selenium.remote.service.DriverCommandExecutor.execute(DriverCommandExecutor.java:174)
	at org.openqa.selenium.remote.RemoteWebDriver.execute(RemoteWebDriver.java:518)
	at org.openqa.selenium.remote.RemoteWebElement.execute(RemoteWebElement.java:223)
	at org.openqa.selenium.remote.RemoteWebElement.click(RemoteWebElement.java:76)
	at createonfly.wfnp.whatsapp(wfnp.java:12)
	at createonfly.Buttons.testbuttonsclickpn(Buttons.java:166)
	at java.base/java.util.ArrayList.forEach(ArrayList.java:1511)
... Removed 32 stack frames</div></td></tr></table><p class="totop"><a href="#summary">back to summary</a></p>
<h3 id="m22">createonfly.Buttons#testbuttonsclickqr</h3><table class="result"><tr><th>Exception</th></tr><tr><td><div class="stacktrace">org.openqa.selenium.ElementClickInterceptedException: element click intercepted: Element &lt;span _ngcontent-sej-c543=&quot;&quot; mat-line=&quot;&quot; class=&quot;mat-line title ng-tns-c543-4 ng-star-inserted&quot; style=&quot;&quot;&gt;...&lt;/span&gt; is not clickable at point (108, 496). Other element would receive the click: &lt;div _ngcontent-sej-c999=&quot;&quot; class=&quot;col-md-2 pt-100 br h-100vh&quot;&gt;...&lt;/div&gt;
  (Session info: chrome=134.0.6998.118)
Build info: version: &apos;4.21.0&apos;, revision: &apos;79ed462ef4&apos;
System info: os.name: &apos;Windows 11&apos;, os.arch: &apos;amd64&apos;, os.version: &apos;10.0&apos;, java.version: &apos;17.0.12&apos;
Driver info: org.openqa.selenium.chrome.ChromeDriver
Command: [5384df0a9a3309d49035a2a1660ec33b, clickElement {id=f.EF4181177D03833374AC718255BB78EA.d.9D449E2F5BE7A5C3F87484DA89078D8F.e.63}]
Capabilities {acceptInsecureCerts: false, browserName: chrome, browserVersion: 134.0.6998.118, chrome: {chromedriverVersion: 134.0.6998.90 (219ee74681fc..., userDataDir: C:\Users\HP\AppData\Local\T...}, fedcm:accounts: true, goog:chromeOptions: {debuggerAddress: localhost:61143}, networkConnectionEnabled: false, pageLoadStrategy: normal, platformName: windows, proxy: Proxy(), se:cdp: ws://localhost:61143/devtoo..., se:cdpVersion: 134.0.6998.118, setWindowRect: true, strictFileInteractability: false, timeouts: {implicit: 0, pageLoad: 300000, script: 30000}, unhandledPromptBehavior: dismiss and notify, webauthn:extension:credBlob: true, webauthn:extension:largeBlob: true, webauthn:extension:minPinLength: true, webauthn:extension:prf: true, webauthn:virtualAuthenticators: true}
Element: [[ChromeDriver: chrome on windows (5384df0a9a3309d49035a2a1660ec33b)] -&gt; xpath: (//span[contains(.,&quot;WhatsApp&quot;)])[3]]
Session ID: 5384df0a9a3309d49035a2a1660ec33b
	at org.openqa.selenium.remote.ErrorCodec.decode(ErrorCodec.java:167)
	at org.openqa.selenium.remote.codec.w3c.W3CHttpResponseCodec.decode(W3CHttpResponseCodec.java:138)
	at org.openqa.selenium.remote.codec.w3c.W3CHttpResponseCodec.decode(W3CHttpResponseCodec.java:50)
	at org.openqa.selenium.remote.HttpCommandExecutor.execute(HttpCommandExecutor.java:190)
	at org.openqa.selenium.remote.service.DriverCommandExecutor.invokeExecute(DriverCommandExecutor.java:216)
	at org.openqa.selenium.remote.service.DriverCommandExecutor.execute(DriverCommandExecutor.java:174)
	at org.openqa.selenium.remote.RemoteWebDriver.execute(RemoteWebDriver.java:518)
	at org.openqa.selenium.remote.RemoteWebElement.execute(RemoteWebElement.java:223)
	at org.openqa.selenium.remote.RemoteWebElement.click(RemoteWebElement.java:76)
	at createonfly.wfnp.whatsapp(wfnp.java:12)
	at createonfly.Buttons.testbuttonsclickqr(Buttons.java:181)
	at java.base/java.util.ArrayList.forEach(ArrayList.java:1511)
... Removed 32 stack frames</div></td></tr></table><p class="totop"><a href="#summary">back to summary</a></p>
<h3 id="m23">createonfly.Buttons#testbuttonsclickwu</h3><table class="result"><tr><th>Exception</th></tr><tr><td><div class="stacktrace">org.openqa.selenium.ElementClickInterceptedException: element click intercepted: Element &lt;span _ngcontent-sej-c543=&quot;&quot; mat-line=&quot;&quot; class=&quot;mat-line title ng-tns-c543-4 ng-star-inserted&quot; style=&quot;&quot;&gt;...&lt;/span&gt; is not clickable at point (108, 496). Other element would receive the click: &lt;div _ngcontent-sej-c999=&quot;&quot; class=&quot;col-md-2 pt-100 br h-100vh&quot;&gt;...&lt;/div&gt;
  (Session info: chrome=134.0.6998.118)
Build info: version: &apos;4.21.0&apos;, revision: &apos;79ed462ef4&apos;
System info: os.name: &apos;Windows 11&apos;, os.arch: &apos;amd64&apos;, os.version: &apos;10.0&apos;, java.version: &apos;17.0.12&apos;
Driver info: org.openqa.selenium.chrome.ChromeDriver
Command: [5384df0a9a3309d49035a2a1660ec33b, clickElement {id=f.EF4181177D03833374AC718255BB78EA.d.9D449E2F5BE7A5C3F87484DA89078D8F.e.63}]
Capabilities {acceptInsecureCerts: false, browserName: chrome, browserVersion: 134.0.6998.118, chrome: {chromedriverVersion: 134.0.6998.90 (219ee74681fc..., userDataDir: C:\Users\HP\AppData\Local\T...}, fedcm:accounts: true, goog:chromeOptions: {debuggerAddress: localhost:61143}, networkConnectionEnabled: false, pageLoadStrategy: normal, platformName: windows, proxy: Proxy(), se:cdp: ws://localhost:61143/devtoo..., se:cdpVersion: 134.0.6998.118, setWindowRect: true, strictFileInteractability: false, timeouts: {implicit: 0, pageLoad: 300000, script: 30000}, unhandledPromptBehavior: dismiss and notify, webauthn:extension:credBlob: true, webauthn:extension:largeBlob: true, webauthn:extension:minPinLength: true, webauthn:extension:prf: true, webauthn:virtualAuthenticators: true}
Element: [[ChromeDriver: chrome on windows (5384df0a9a3309d49035a2a1660ec33b)] -&gt; xpath: (//span[contains(.,&quot;WhatsApp&quot;)])[3]]
Session ID: 5384df0a9a3309d49035a2a1660ec33b
	at org.openqa.selenium.remote.ErrorCodec.decode(ErrorCodec.java:167)
	at org.openqa.selenium.remote.codec.w3c.W3CHttpResponseCodec.decode(W3CHttpResponseCodec.java:138)
	at org.openqa.selenium.remote.codec.w3c.W3CHttpResponseCodec.decode(W3CHttpResponseCodec.java:50)
	at org.openqa.selenium.remote.HttpCommandExecutor.execute(HttpCommandExecutor.java:190)
	at org.openqa.selenium.remote.service.DriverCommandExecutor.invokeExecute(DriverCommandExecutor.java:216)
	at org.openqa.selenium.remote.service.DriverCommandExecutor.execute(DriverCommandExecutor.java:174)
	at org.openqa.selenium.remote.RemoteWebDriver.execute(RemoteWebDriver.java:518)
	at org.openqa.selenium.remote.RemoteWebElement.execute(RemoteWebElement.java:223)
	at org.openqa.selenium.remote.RemoteWebElement.click(RemoteWebElement.java:76)
	at createonfly.wfnp.whatsapp(wfnp.java:12)
	at createonfly.Buttons.testbuttonsclickwu(Buttons.java:147)
	at java.base/java.util.ArrayList.forEach(ArrayList.java:1511)
... Removed 32 stack frames</div></td></tr></table><p class="totop"><a href="#summary">back to summary</a></p>
<h3 id="m24">createonfly.body#addvariable</h3><table class="result"><tr><th>Exception</th></tr><tr><td><div class="stacktrace">org.openqa.selenium.NoSuchElementException: no such element: Unable to locate element: {&quot;method&quot;:&quot;xpath&quot;,&quot;selector&quot;:&quot;//span[contains(.,&quot;New Campaign&quot;)]&quot;}
  (Session info: chrome=134.0.6998.118)
For documentation on this error, please visit: https://www.selenium.dev/documentation/webdriver/troubleshooting/errors#no-such-element-exception
Build info: version: &apos;4.21.0&apos;, revision: &apos;79ed462ef4&apos;
System info: os.name: &apos;Windows 11&apos;, os.arch: &apos;amd64&apos;, os.version: &apos;10.0&apos;, java.version: &apos;17.0.12&apos;
Driver info: org.openqa.selenium.chrome.ChromeDriver
Command: [3a841f2c57174dba200ad74b1d9b2043, findElement {using=xpath, value=//span[contains(.,&quot;New Campaign&quot;)]}]
Capabilities {acceptInsecureCerts: false, browserName: chrome, browserVersion: 134.0.6998.118, chrome: {chromedriverVersion: 134.0.6998.90 (219ee74681fc..., userDataDir: C:\Users\HP\AppData\Local\T...}, fedcm:accounts: true, goog:chromeOptions: {debuggerAddress: localhost:60660}, networkConnectionEnabled: false, pageLoadStrategy: normal, platformName: windows, proxy: Proxy(), se:cdp: ws://localhost:60660/devtoo..., se:cdpVersion: 134.0.6998.118, setWindowRect: true, strictFileInteractability: false, timeouts: {implicit: 0, pageLoad: 300000, script: 30000}, unhandledPromptBehavior: dismiss and notify, webauthn:extension:credBlob: true, webauthn:extension:largeBlob: true, webauthn:extension:minPinLength: true, webauthn:extension:prf: true, webauthn:virtualAuthenticators: true}
Session ID: 3a841f2c57174dba200ad74b1d9b2043
	at org.openqa.selenium.remote.ErrorCodec.decode(ErrorCodec.java:167)
	at org.openqa.selenium.remote.codec.w3c.W3CHttpResponseCodec.decode(W3CHttpResponseCodec.java:138)
	at org.openqa.selenium.remote.codec.w3c.W3CHttpResponseCodec.decode(W3CHttpResponseCodec.java:50)
	at org.openqa.selenium.remote.HttpCommandExecutor.execute(HttpCommandExecutor.java:190)
	at org.openqa.selenium.remote.service.DriverCommandExecutor.invokeExecute(DriverCommandExecutor.java:216)
	at org.openqa.selenium.remote.service.DriverCommandExecutor.execute(DriverCommandExecutor.java:174)
	at org.openqa.selenium.remote.RemoteWebDriver.execute(RemoteWebDriver.java:518)
	at org.openqa.selenium.remote.ElementLocation$ElementFinder$2.findElement(ElementLocation.java:165)
	at org.openqa.selenium.remote.ElementLocation.findElement(ElementLocation.java:59)
	at org.openqa.selenium.remote.RemoteWebDriver.findElement(RemoteWebDriver.java:355)
	at org.openqa.selenium.remote.RemoteWebDriver.findElement(RemoteWebDriver.java:349)
	at createonfly.newcampaign.Useexistingclienttags(newcampaign.java:115)
	at createonfly.body.addvariable(body.java:20)
	at java.base/java.util.ArrayList.forEach(ArrayList.java:1511)
... Removed 32 stack frames</div></td></tr></table><p class="totop"><a href="#summary">back to summary</a></p>
<h3 id="m25">createonfly.header#HeaderTextandAddVariable</h3><table class="result"><tr><th>Exception</th></tr><tr><td><div class="stacktrace">org.openqa.selenium.ElementClickInterceptedException: element click intercepted: Element &lt;span _ngcontent-qvu-c543=&quot;&quot; mat-line=&quot;&quot; class=&quot;mat-line title ng-tns-c543-4 ng-star-inserted&quot; style=&quot;&quot;&gt;...&lt;/span&gt; is not clickable at point (108, 496). Other element would receive the click: &lt;div _ngcontent-qvu-c997=&quot;&quot; class=&quot;col-md-2 pt-100 br h-100vh&quot;&gt;...&lt;/div&gt;
  (Session info: chrome=134.0.6998.118)
Build info: version: &apos;4.21.0&apos;, revision: &apos;79ed462ef4&apos;
System info: os.name: &apos;Windows 11&apos;, os.arch: &apos;amd64&apos;, os.version: &apos;10.0&apos;, java.version: &apos;17.0.12&apos;
Driver info: org.openqa.selenium.chrome.ChromeDriver
Command: [8d54d82bdd2cfa2fbd0eeb888fbe73f4, clickElement {id=f.DFAD902F246C196338FCFE390D77E899.d.EBE1AC8AD1308C6971EFAE59A679E6FA.e.64}]
Capabilities {acceptInsecureCerts: false, browserName: chrome, browserVersion: 134.0.6998.118, chrome: {chromedriverVersion: 134.0.6998.90 (219ee74681fc..., userDataDir: C:\Users\HP\AppData\Local\T...}, fedcm:accounts: true, goog:chromeOptions: {debuggerAddress: localhost:60384}, networkConnectionEnabled: false, pageLoadStrategy: normal, platformName: windows, proxy: Proxy(), se:cdp: ws://localhost:60384/devtoo..., se:cdpVersion: 134.0.6998.118, setWindowRect: true, strictFileInteractability: false, timeouts: {implicit: 0, pageLoad: 300000, script: 30000}, unhandledPromptBehavior: dismiss and notify, webauthn:extension:credBlob: true, webauthn:extension:largeBlob: true, webauthn:extension:minPinLength: true, webauthn:extension:prf: true, webauthn:virtualAuthenticators: true}
Element: [[ChromeDriver: chrome on windows (8d54d82bdd2cfa2fbd0eeb888fbe73f4)] -&gt; xpath: (//span[contains(.,&quot;WhatsApp&quot;)])[3]]
Session ID: 8d54d82bdd2cfa2fbd0eeb888fbe73f4
	at org.openqa.selenium.remote.ErrorCodec.decode(ErrorCodec.java:167)
	at org.openqa.selenium.remote.codec.w3c.W3CHttpResponseCodec.decode(W3CHttpResponseCodec.java:138)
	at org.openqa.selenium.remote.codec.w3c.W3CHttpResponseCodec.decode(W3CHttpResponseCodec.java:50)
	at org.openqa.selenium.remote.HttpCommandExecutor.execute(HttpCommandExecutor.java:190)
	at org.openqa.selenium.remote.service.DriverCommandExecutor.invokeExecute(DriverCommandExecutor.java:216)
	at org.openqa.selenium.remote.service.DriverCommandExecutor.execute(DriverCommandExecutor.java:174)
	at org.openqa.selenium.remote.RemoteWebDriver.execute(RemoteWebDriver.java:518)
	at org.openqa.selenium.remote.RemoteWebElement.execute(RemoteWebElement.java:223)
	at org.openqa.selenium.remote.RemoteWebElement.click(RemoteWebElement.java:76)
	at createonfly.wfnp.whatsapp(wfnp.java:12)
	at createonfly.header.HeaderTextandAddVariable(header.java:91)
	at java.base/java.util.ArrayList.forEach(ArrayList.java:1511)
... Removed 32 stack frames</div></td></tr></table><p class="totop"><a href="#summary">back to summary</a></p>
<h3 id="m26">createonfly.header#HeaderTextandAddVariablewithselectdapoint</h3><table class="result"><tr><th>Exception</th></tr><tr><td><div class="stacktrace">org.openqa.selenium.ElementClickInterceptedException: element click intercepted: Element &lt;span _ngcontent-qvu-c543=&quot;&quot; mat-line=&quot;&quot; class=&quot;mat-line title ng-tns-c543-4 ng-star-inserted&quot; style=&quot;&quot;&gt;...&lt;/span&gt; is not clickable at point (108, 496). Other element would receive the click: &lt;div _ngcontent-qvu-c997=&quot;&quot; class=&quot;col-md-2 pt-100 br h-100vh&quot;&gt;...&lt;/div&gt;
  (Session info: chrome=134.0.6998.118)
Build info: version: &apos;4.21.0&apos;, revision: &apos;79ed462ef4&apos;
System info: os.name: &apos;Windows 11&apos;, os.arch: &apos;amd64&apos;, os.version: &apos;10.0&apos;, java.version: &apos;17.0.12&apos;
Driver info: org.openqa.selenium.chrome.ChromeDriver
Command: [8d54d82bdd2cfa2fbd0eeb888fbe73f4, clickElement {id=f.DFAD902F246C196338FCFE390D77E899.d.EBE1AC8AD1308C6971EFAE59A679E6FA.e.64}]
Capabilities {acceptInsecureCerts: false, browserName: chrome, browserVersion: 134.0.6998.118, chrome: {chromedriverVersion: 134.0.6998.90 (219ee74681fc..., userDataDir: C:\Users\HP\AppData\Local\T...}, fedcm:accounts: true, goog:chromeOptions: {debuggerAddress: localhost:60384}, networkConnectionEnabled: false, pageLoadStrategy: normal, platformName: windows, proxy: Proxy(), se:cdp: ws://localhost:60384/devtoo..., se:cdpVersion: 134.0.6998.118, setWindowRect: true, strictFileInteractability: false, timeouts: {implicit: 0, pageLoad: 300000, script: 30000}, unhandledPromptBehavior: dismiss and notify, webauthn:extension:credBlob: true, webauthn:extension:largeBlob: true, webauthn:extension:minPinLength: true, webauthn:extension:prf: true, webauthn:virtualAuthenticators: true}
Element: [[ChromeDriver: chrome on windows (8d54d82bdd2cfa2fbd0eeb888fbe73f4)] -&gt; xpath: (//span[contains(.,&quot;WhatsApp&quot;)])[3]]
Session ID: 8d54d82bdd2cfa2fbd0eeb888fbe73f4
	at org.openqa.selenium.remote.ErrorCodec.decode(ErrorCodec.java:167)
	at org.openqa.selenium.remote.codec.w3c.W3CHttpResponseCodec.decode(W3CHttpResponseCodec.java:138)
	at org.openqa.selenium.remote.codec.w3c.W3CHttpResponseCodec.decode(W3CHttpResponseCodec.java:50)
	at org.openqa.selenium.remote.HttpCommandExecutor.execute(HttpCommandExecutor.java:190)
	at org.openqa.selenium.remote.service.DriverCommandExecutor.invokeExecute(DriverCommandExecutor.java:216)
	at org.openqa.selenium.remote.service.DriverCommandExecutor.execute(DriverCommandExecutor.java:174)
	at org.openqa.selenium.remote.RemoteWebDriver.execute(RemoteWebDriver.java:518)
	at org.openqa.selenium.remote.RemoteWebElement.execute(RemoteWebElement.java:223)
	at org.openqa.selenium.remote.RemoteWebElement.click(RemoteWebElement.java:76)
	at createonfly.wfnp.whatsapp(wfnp.java:12)
	at createonfly.header.HeaderTextandAddVariablewithselectdapoint(header.java:108)
	at java.base/java.util.ArrayList.forEach(ArrayList.java:1511)
... Removed 32 stack frames</div></td></tr></table><p class="totop"><a href="#summary">back to summary</a></p>
<h3 id="m27">createonfly.header#HeaderTextandAddVariablewithselectdapointandfallbackvalue</h3><table class="result"><tr><th>Exception</th></tr><tr><td><div class="stacktrace">org.openqa.selenium.ElementClickInterceptedException: element click intercepted: Element &lt;span _ngcontent-qvu-c543=&quot;&quot; mat-line=&quot;&quot; class=&quot;mat-line title ng-tns-c543-4 ng-star-inserted&quot; style=&quot;&quot;&gt;...&lt;/span&gt; is not clickable at point (108, 496). Other element would receive the click: &lt;div _ngcontent-qvu-c997=&quot;&quot; class=&quot;col-md-2 pt-100 br h-100vh&quot;&gt;...&lt;/div&gt;
  (Session info: chrome=134.0.6998.118)
Build info: version: &apos;4.21.0&apos;, revision: &apos;79ed462ef4&apos;
System info: os.name: &apos;Windows 11&apos;, os.arch: &apos;amd64&apos;, os.version: &apos;10.0&apos;, java.version: &apos;17.0.12&apos;
Driver info: org.openqa.selenium.chrome.ChromeDriver
Command: [8d54d82bdd2cfa2fbd0eeb888fbe73f4, clickElement {id=f.DFAD902F246C196338FCFE390D77E899.d.EBE1AC8AD1308C6971EFAE59A679E6FA.e.64}]
Capabilities {acceptInsecureCerts: false, browserName: chrome, browserVersion: 134.0.6998.118, chrome: {chromedriverVersion: 134.0.6998.90 (219ee74681fc..., userDataDir: C:\Users\HP\AppData\Local\T...}, fedcm:accounts: true, goog:chromeOptions: {debuggerAddress: localhost:60384}, networkConnectionEnabled: false, pageLoadStrategy: normal, platformName: windows, proxy: Proxy(), se:cdp: ws://localhost:60384/devtoo..., se:cdpVersion: 134.0.6998.118, setWindowRect: true, strictFileInteractability: false, timeouts: {implicit: 0, pageLoad: 300000, script: 30000}, unhandledPromptBehavior: dismiss and notify, webauthn:extension:credBlob: true, webauthn:extension:largeBlob: true, webauthn:extension:minPinLength: true, webauthn:extension:prf: true, webauthn:virtualAuthenticators: true}
Element: [[ChromeDriver: chrome on windows (8d54d82bdd2cfa2fbd0eeb888fbe73f4)] -&gt; xpath: (//span[contains(.,&quot;WhatsApp&quot;)])[3]]
Session ID: 8d54d82bdd2cfa2fbd0eeb888fbe73f4
	at org.openqa.selenium.remote.ErrorCodec.decode(ErrorCodec.java:167)
	at org.openqa.selenium.remote.codec.w3c.W3CHttpResponseCodec.decode(W3CHttpResponseCodec.java:138)
	at org.openqa.selenium.remote.codec.w3c.W3CHttpResponseCodec.decode(W3CHttpResponseCodec.java:50)
	at org.openqa.selenium.remote.HttpCommandExecutor.execute(HttpCommandExecutor.java:190)
	at org.openqa.selenium.remote.service.DriverCommandExecutor.invokeExecute(DriverCommandExecutor.java:216)
	at org.openqa.selenium.remote.service.DriverCommandExecutor.execute(DriverCommandExecutor.java:174)
	at org.openqa.selenium.remote.RemoteWebDriver.execute(RemoteWebDriver.java:518)
	at org.openqa.selenium.remote.RemoteWebElement.execute(RemoteWebElement.java:223)
	at org.openqa.selenium.remote.RemoteWebElement.click(RemoteWebElement.java:76)
	at createonfly.wfnp.whatsapp(wfnp.java:12)
	at createonfly.header.HeaderTextandAddVariablewithselectdapointandfallbackvalue(header.java:130)
	at java.base/java.util.ArrayList.forEach(ArrayList.java:1511)
... Removed 32 stack frames</div></td></tr></table><p class="totop"><a href="#summary">back to summary</a></p>
<h3 id="m28">createonfly.header#testWithFallbackValue</h3><table class="result"><tr><th>Exception</th></tr><tr><td><div class="stacktrace">org.openqa.selenium.ElementClickInterceptedException: element click intercepted: Element &lt;span _ngcontent-qvu-c543=&quot;&quot; mat-line=&quot;&quot; class=&quot;mat-line title ng-tns-c543-4 ng-star-inserted&quot; style=&quot;&quot;&gt;...&lt;/span&gt; is not clickable at point (108, 496). Other element would receive the click: &lt;div _ngcontent-qvu-c997=&quot;&quot; class=&quot;col-md-2 pt-100 br h-100vh&quot;&gt;...&lt;/div&gt;
  (Session info: chrome=134.0.6998.118)
Build info: version: &apos;4.21.0&apos;, revision: &apos;79ed462ef4&apos;
System info: os.name: &apos;Windows 11&apos;, os.arch: &apos;amd64&apos;, os.version: &apos;10.0&apos;, java.version: &apos;17.0.12&apos;
Driver info: org.openqa.selenium.chrome.ChromeDriver
Command: [8d54d82bdd2cfa2fbd0eeb888fbe73f4, clickElement {id=f.DFAD902F246C196338FCFE390D77E899.d.EBE1AC8AD1308C6971EFAE59A679E6FA.e.64}]
Capabilities {acceptInsecureCerts: false, browserName: chrome, browserVersion: 134.0.6998.118, chrome: {chromedriverVersion: 134.0.6998.90 (219ee74681fc..., userDataDir: C:\Users\HP\AppData\Local\T...}, fedcm:accounts: true, goog:chromeOptions: {debuggerAddress: localhost:60384}, networkConnectionEnabled: false, pageLoadStrategy: normal, platformName: windows, proxy: Proxy(), se:cdp: ws://localhost:60384/devtoo..., se:cdpVersion: 134.0.6998.118, setWindowRect: true, strictFileInteractability: false, timeouts: {implicit: 0, pageLoad: 300000, script: 30000}, unhandledPromptBehavior: dismiss and notify, webauthn:extension:credBlob: true, webauthn:extension:largeBlob: true, webauthn:extension:minPinLength: true, webauthn:extension:prf: true, webauthn:virtualAuthenticators: true}
Element: [[ChromeDriver: chrome on windows (8d54d82bdd2cfa2fbd0eeb888fbe73f4)] -&gt; xpath: (//span[contains(.,&quot;WhatsApp&quot;)])[3]]
Session ID: 8d54d82bdd2cfa2fbd0eeb888fbe73f4
	at org.openqa.selenium.remote.ErrorCodec.decode(ErrorCodec.java:167)
	at org.openqa.selenium.remote.codec.w3c.W3CHttpResponseCodec.decode(W3CHttpResponseCodec.java:138)
	at org.openqa.selenium.remote.codec.w3c.W3CHttpResponseCodec.decode(W3CHttpResponseCodec.java:50)
	at org.openqa.selenium.remote.HttpCommandExecutor.execute(HttpCommandExecutor.java:190)
	at org.openqa.selenium.remote.service.DriverCommandExecutor.invokeExecute(DriverCommandExecutor.java:216)
	at org.openqa.selenium.remote.service.DriverCommandExecutor.execute(DriverCommandExecutor.java:174)
	at org.openqa.selenium.remote.RemoteWebDriver.execute(RemoteWebDriver.java:518)
	at org.openqa.selenium.remote.RemoteWebElement.execute(RemoteWebElement.java:223)
	at org.openqa.selenium.remote.RemoteWebElement.click(RemoteWebElement.java:76)
	at createonfly.wfnp.whatsapp(wfnp.java:12)
	at createonfly.header.testWithFallbackValue(header.java:75)
	at java.base/java.util.ArrayList.forEach(ArrayList.java:1511)
... Removed 32 stack frames</div></td></tr></table><p class="totop"><a href="#summary">back to summary</a></p>
<h3 id="m29">createonfly.header#textWithoutenteringanytext</h3><table class="result"><tr><th>Exception</th></tr><tr><td><div class="stacktrace">org.openqa.selenium.ElementClickInterceptedException: element click intercepted: Element &lt;p _ngcontent-qvu-c997=&quot;&quot; class=&quot;pl-20 pr-20 c-p mr-10 mb-0 text-primary&quot;&gt;...&lt;/p&gt; is not clickable at point (786, 513). Other element would receive the click: &lt;snack-bar-container class=&quot;mat-snack-bar-container ng-tns-c141-81 ng-trigger ng-trigger-state app-bottom-snackbar mat-snack-bar-center ng-star-inserted ng-animating&quot;&gt;...&lt;/snack-bar-container&gt;
  (Session info: chrome=134.0.6998.118)
Build info: version: &apos;4.21.0&apos;, revision: &apos;79ed462ef4&apos;
System info: os.name: &apos;Windows 11&apos;, os.arch: &apos;amd64&apos;, os.version: &apos;10.0&apos;, java.version: &apos;17.0.12&apos;
Driver info: org.openqa.selenium.chrome.ChromeDriver
Command: [8d54d82bdd2cfa2fbd0eeb888fbe73f4, clickElement {id=f.DFAD902F246C196338FCFE390D77E899.d.EBE1AC8AD1308C6971EFAE59A679E6FA.e.392}]
Capabilities {acceptInsecureCerts: false, browserName: chrome, browserVersion: 134.0.6998.118, chrome: {chromedriverVersion: 134.0.6998.90 (219ee74681fc..., userDataDir: C:\Users\HP\AppData\Local\T...}, fedcm:accounts: true, goog:chromeOptions: {debuggerAddress: localhost:60384}, networkConnectionEnabled: false, pageLoadStrategy: normal, platformName: windows, proxy: Proxy(), se:cdp: ws://localhost:60384/devtoo..., se:cdpVersion: 134.0.6998.118, setWindowRect: true, strictFileInteractability: false, timeouts: {implicit: 0, pageLoad: 300000, script: 30000}, unhandledPromptBehavior: dismiss and notify, webauthn:extension:credBlob: true, webauthn:extension:largeBlob: true, webauthn:extension:minPinLength: true, webauthn:extension:prf: true, webauthn:virtualAuthenticators: true}
Element: [[ChromeDriver: chrome on windows (8d54d82bdd2cfa2fbd0eeb888fbe73f4)] -&gt; xpath: //p[contains(text(),&quot;Modify Template&quot;)]]
Session ID: 8d54d82bdd2cfa2fbd0eeb888fbe73f4
	at org.openqa.selenium.remote.ErrorCodec.decode(ErrorCodec.java:167)
	at org.openqa.selenium.remote.codec.w3c.W3CHttpResponseCodec.decode(W3CHttpResponseCodec.java:138)
	at org.openqa.selenium.remote.codec.w3c.W3CHttpResponseCodec.decode(W3CHttpResponseCodec.java:50)
	at org.openqa.selenium.remote.HttpCommandExecutor.execute(HttpCommandExecutor.java:190)
	at org.openqa.selenium.remote.service.DriverCommandExecutor.invokeExecute(DriverCommandExecutor.java:216)
	at org.openqa.selenium.remote.service.DriverCommandExecutor.execute(DriverCommandExecutor.java:174)
	at org.openqa.selenium.remote.RemoteWebDriver.execute(RemoteWebDriver.java:518)
	at org.openqa.selenium.remote.RemoteWebElement.execute(RemoteWebElement.java:223)
	at org.openqa.selenium.remote.RemoteWebElement.click(RemoteWebElement.java:76)
	at createonfly.newcampaign.Useexistingclienttags(newcampaign.java:149)
	at createonfly.header.textWithoutenteringanytext(header.java:53)
	at java.base/java.util.ArrayList.forEach(ArrayList.java:1511)
... Removed 32 stack frames</div></td></tr></table><p class="totop"><a href="#summary">back to summary</a></p>
<h3 id="m30">createonfly.Buttons#addwebsiteurl</h3><table class="result"><tr><th>Messages</th></tr><tr><td><div class="messages">Test Passed</div></td></tr></table><p class="totop"><a href="#summary">back to summary</a></p>
<h3 id="m31">createonfly.Buttons#addwebsiteurlbuttontext</h3><table class="result"><tr><th>Messages</th></tr><tr><td><div class="messages">Test Passed</div></td></tr></table><p class="totop"><a href="#summary">back to summary</a></p>
<h3 id="m32">createonfly.Buttons#addwebsiteurlbuttontextcontent</h3><table class="result"><tr><th>Messages</th></tr><tr><td><div class="messages">Test Passed</div></td></tr></table><p class="totop"><a href="#summary">back to summary</a></p>
<h3 id="m33">createonfly.Buttons#phonenumber</h3><table class="result"><tr><th>Messages</th></tr><tr><td><div class="messages">Test Passed</div></td></tr></table><p class="totop"><a href="#summary">back to summary</a></p>
<h3 id="m34">createonfly.Buttons#phonenumberbuttontext</h3><table class="result"><tr><th>Messages</th></tr><tr><td><div class="messages">Test Passed</div></td></tr></table><p class="totop"><a href="#summary">back to summary</a></p>
<h3 id="m35">createonfly.Buttons#phonenumberbuttontextcontent</h3><table class="result"><tr><th>Messages</th></tr><tr><td><div class="messages">Test Passed</div></td></tr></table><p class="totop"><a href="#summary">back to summary</a></p>
<h3 id="m36">createonfly.Buttons#quickurl</h3><table class="result"><tr><th>Messages</th></tr><tr><td><div class="messages">Test Passed</div></td></tr></table><p class="totop"><a href="#summary">back to summary</a></p>
<h3 id="m37">createonfly.body#selectdatapoint</h3><table class="result"><tr><th>Messages</th></tr><tr><td><div class="messages">Test Failed</div></td></tr></table><p class="totop"><a href="#summary">back to summary</a></p>
<h3 id="m38">createonfly.body#selectdatapointandfallbackvalue</h3><table class="result"><tr><th>Messages</th></tr><tr><td><div class="messages">Test Passed</div></td></tr></table><p class="totop"><a href="#summary">back to summary</a></p>
<h3 id="m39">createonfly.header#headerisselectedasnone</h3><table class="result"><tr><th>Messages</th></tr><tr><td><div class="messages">Test Passed</div></td></tr></table><p class="totop"><a href="#summary">back to summary</a></p>
<h2>createonfly1.copy</h2><h3 id="m40">createonfly1.copy.Useexistingclienttags#Useexistingclienttags1</h3><table class="result"><tr><th>Messages</th></tr><tr><td><div class="messages">Test Case Passed<br/>Test Case Passed</div></td></tr></table><p class="totop"><a href="#summary">back to summary</a></p>
<h3 id="m41">createonfly1.copy.Useexistingclienttags#Useexistingclienttags3</h3><table class="result"><tr><th>Messages</th></tr><tr><td><div class="messages">Test Case Passed<br/>Test Case Passed</div></td></tr></table><p class="totop"><a href="#summary">back to summary</a></p>
</body>
</html>
